
*** Running vivado
    with args -log gcdip_v1_0.vds -m64 -product Vivado -mode batch -messageDb vivado.pb -notrace -source gcdip_v1_0.tcl



****** Vivado v2020.2 (64-bit)
  **** SW Build 3064766 on Wed Nov 18 09:12:45 MST 2020
  **** IP Build 3064653 on Wed Nov 18 14:17:31 MST 2020
    ** Copyright 1986-2020 Xilinx, Inc. All Rights Reserved.

source gcdip_v1_0.tcl -notrace
INFO: [IP_Flow 19-234] Refreshing IP repositories
INFO: [IP_Flow 19-1700] Loaded user IP repository 'd:/EOS/project/ip_repo/myip_1.0'.
INFO: [IP_Flow 19-1700] Loaded user IP repository 'd:/EOS/project/ip_repo/gcdip_1.0'.
INFO: [IP_Flow 19-2313] Loaded Vivado IP repository 'C:/Xilinx/Vivado/2020.2/data/ip'.
Command: synth_design -top gcdip_v1_0 -part xc7z020clg400-1
Starting synth_design
Attempting to get a license for feature 'Synthesis' and/or device 'xc7z020'
INFO: [Common 17-349] Got license for feature 'Synthesis' and/or device 'xc7z020'
INFO: [Synth 8-7079] Multithreading enabled for synth_design using a maximum of 2 processes.
INFO: [Synth 8-7078] Launching helper process for spawning children vivado processes
INFO: [Synth 8-7075] Helper process launched with PID 15876
---------------------------------------------------------------------------------
Starting Synthesize : Time (s): cpu = 00:00:02 ; elapsed = 00:00:02 . Memory (MB): peak = 1110.840 ; gain = 0.000
---------------------------------------------------------------------------------
INFO: [Synth 8-6157] synthesizing module 'gcdip_v1_0' [D:/EOS/project/ip_repo/gcdip_1.0/hdl/gcdip_v1_0.v:4]
	Parameter C_S00_AXI_DATA_WIDTH bound to: 32 - type: integer 
	Parameter C_S00_AXI_ADDR_WIDTH bound to: 4 - type: integer 
INFO: [Synth 8-6157] synthesizing module 'gcdip_v1_0_S00_AXI' [D:/EOS/project/ip_repo/gcdip_1.0/hdl/gcdip_v1_0_S00_AXI.v:4]
	Parameter C_S_AXI_DATA_WIDTH bound to: 32 - type: integer 
	Parameter C_S_AXI_ADDR_WIDTH bound to: 4 - type: integer 
	Parameter ADDR_LSB bound to: 2 - type: integer 
	Parameter OPT_MEM_ADDR_BITS bound to: 1 - type: integer 
INFO: [Synth 8-226] default block is never used [D:/EOS/project/ip_repo/gcdip_1.0/hdl/gcdip_v1_0_S00_AXI.v:372]
INFO: [Synth 8-638] synthesizing module 'gcdip' [D:/EOS/project/ip_repo/gcdip_1.0/src/gcdip.vhd:27]
INFO: [Synth 8-3491] module 'fsm' declared at 'D:/EOS/project/ip_repo/gcdip_1.0/src/FSM.vhd:8' bound to instance 'TOFSM' of component 'fsm' [D:/EOS/project/ip_repo/gcdip_1.0/src/gcdip.vhd:76]
INFO: [Synth 8-638] synthesizing module 'fsm' [D:/EOS/project/ip_repo/gcdip_1.0/src/FSM.vhd:15]
INFO: [Synth 8-256] done synthesizing module 'fsm' (1#1) [D:/EOS/project/ip_repo/gcdip_1.0/src/FSM.vhd:15]
INFO: [Synth 8-3491] module 'mux' declared at 'D:/EOS/project/ip_repo/gcdip_1.0/src/mux.vhd:8' bound to instance 'X_MUX' of component 'mux' [D:/EOS/project/ip_repo/gcdip_1.0/src/gcdip.vhd:88]
INFO: [Synth 8-638] synthesizing module 'mux' [D:/EOS/project/ip_repo/gcdip_1.0/src/mux.vhd:15]
INFO: [Synth 8-256] done synthesizing module 'mux' (2#1) [D:/EOS/project/ip_repo/gcdip_1.0/src/mux.vhd:15]
INFO: [Synth 8-3491] module 'mux' declared at 'D:/EOS/project/ip_repo/gcdip_1.0/src/mux.vhd:8' bound to instance 'Y_MUX' of component 'mux' [D:/EOS/project/ip_repo/gcdip_1.0/src/gcdip.vhd:95]
INFO: [Synth 8-3491] module 'regis' declared at 'D:/EOS/project/ip_repo/gcdip_1.0/src/register.vhd:8' bound to instance 'X_REG' of component 'regis' [D:/EOS/project/ip_repo/gcdip_1.0/src/gcdip.vhd:102]
INFO: [Synth 8-638] synthesizing module 'regis' [D:/EOS/project/ip_repo/gcdip_1.0/src/register.vhd:15]
INFO: [Synth 8-256] done synthesizing module 'regis' (3#1) [D:/EOS/project/ip_repo/gcdip_1.0/src/register.vhd:15]
INFO: [Synth 8-3491] module 'regis' declared at 'D:/EOS/project/ip_repo/gcdip_1.0/src/register.vhd:8' bound to instance 'Y_REG' of component 'regis' [D:/EOS/project/ip_repo/gcdip_1.0/src/gcdip.vhd:109]
INFO: [Synth 8-3491] module 'comparator' declared at 'D:/EOS/project/ip_repo/gcdip_1.0/src/comparator.vhd:8' bound to instance 'U_COMP' of component 'comparator' [D:/EOS/project/ip_repo/gcdip_1.0/src/gcdip.vhd:116]
INFO: [Synth 8-638] synthesizing module 'comparator' [D:/EOS/project/ip_repo/gcdip_1.0/src/comparator.vhd:15]
INFO: [Synth 8-256] done synthesizing module 'comparator' (4#1) [D:/EOS/project/ip_repo/gcdip_1.0/src/comparator.vhd:15]
INFO: [Synth 8-3491] module 'subtractor' declared at 'D:/EOS/project/ip_repo/gcdip_1.0/src/subtractor.vhd:8' bound to instance 'X_SUB' of component 'subtractor' [D:/EOS/project/ip_repo/gcdip_1.0/src/gcdip.vhd:122]
INFO: [Synth 8-638] synthesizing module 'subtractor' [D:/EOS/project/ip_repo/gcdip_1.0/src/subtractor.vhd:16]
INFO: [Synth 8-256] done synthesizing module 'subtractor' (5#1) [D:/EOS/project/ip_repo/gcdip_1.0/src/subtractor.vhd:16]
INFO: [Synth 8-3491] module 'regis' declared at 'D:/EOS/project/ip_repo/gcdip_1.0/src/register.vhd:8' bound to instance 'OUT_REG' of component 'regis' [D:/EOS/project/ip_repo/gcdip_1.0/src/gcdip.vhd:130]
INFO: [Synth 8-256] done synthesizing module 'gcdip' (6#1) [D:/EOS/project/ip_repo/gcdip_1.0/src/gcdip.vhd:27]
INFO: [Synth 8-6155] done synthesizing module 'gcdip_v1_0_S00_AXI' (7#1) [D:/EOS/project/ip_repo/gcdip_1.0/hdl/gcdip_v1_0_S00_AXI.v:4]
INFO: [Synth 8-6155] done synthesizing module 'gcdip_v1_0' (8#1) [D:/EOS/project/ip_repo/gcdip_1.0/hdl/gcdip_v1_0.v:4]
---------------------------------------------------------------------------------
Finished Synthesize : Time (s): cpu = 00:00:02 ; elapsed = 00:00:03 . Memory (MB): peak = 1110.840 ; gain = 0.000
---------------------------------------------------------------------------------
---------------------------------------------------------------------------------
Finished Constraint Validation : Time (s): cpu = 00:00:03 ; elapsed = 00:00:04 . Memory (MB): peak = 1110.840 ; gain = 0.000
---------------------------------------------------------------------------------
---------------------------------------------------------------------------------
Start Loading Part and Timing Information
---------------------------------------------------------------------------------
Loading part: xc7z020clg400-1
---------------------------------------------------------------------------------
Finished Loading Part and Timing Information : Time (s): cpu = 00:00:03 ; elapsed = 00:00:04 . Memory (MB): peak = 1110.840 ; gain = 0.000
---------------------------------------------------------------------------------
INFO: [Device 21-403] Loading part xc7z020clg400-1
INFO: [Synth 8-802] inferred FSM for state register 'cState_reg' in module 'fsm'
WARNING: [Synth 8-327] inferring latch for variable 'enable_reg' [D:/EOS/project/ip_repo/gcdip_1.0/src/FSM.vhd:40]
WARNING: [Synth 8-327] inferring latch for variable 'FSM_sequential_nState_reg' [D:/EOS/project/ip_repo/gcdip_1.0/src/FSM.vhd:26]
WARNING: [Synth 8-327] inferring latch for variable 'FSM_onehot_nState_reg' [D:/EOS/project/ip_repo/gcdip_1.0/src/FSM.vhd:26]
---------------------------------------------------------------------------------------------------
                   State |                     New Encoding |                Previous Encoding 
---------------------------------------------------------------------------------------------------
                    init |                              000 |                              000
                      s0 |                              001 |                              001
                      s1 |                              010 |                              010
                      s2 |                              011 |                              011
                      s3 |                              100 |                              100
                      s4 |                              101 |                              101
                      s5 |                              110 |                              110
---------------------------------------------------------------------------------------------------
INFO: [Synth 8-3354] encoded FSM with state register 'cState_reg' using encoding 'sequential' in module 'fsm'
WARNING: [Synth 8-327] inferring latch for variable 'FSM_sequential_nState_reg' [D:/EOS/project/ip_repo/gcdip_1.0/src/FSM.vhd:26]
WARNING: [Synth 8-327] inferring latch for variable 'xsel_reg' [D:/EOS/project/ip_repo/gcdip_1.0/src/FSM.vhd:41]
WARNING: [Synth 8-327] inferring latch for variable 'ysel_reg' [D:/EOS/project/ip_repo/gcdip_1.0/src/FSM.vhd:42]
WARNING: [Synth 8-327] inferring latch for variable 'xld_reg' [D:/EOS/project/ip_repo/gcdip_1.0/src/FSM.vhd:43]
WARNING: [Synth 8-327] inferring latch for variable 'yld_reg' [D:/EOS/project/ip_repo/gcdip_1.0/src/FSM.vhd:44]
---------------------------------------------------------------------------------
Finished RTL Optimization Phase 2 : Time (s): cpu = 00:00:03 ; elapsed = 00:00:04 . Memory (MB): peak = 1110.840 ; gain = 0.000
---------------------------------------------------------------------------------
No constraint files found.
---------------------------------------------------------------------------------
Start RTL Component Statistics 
---------------------------------------------------------------------------------
Detailed RTL Component Info : 
+---Adders : 
	   3 Input    8 Bit       Adders := 2     
+---Registers : 
	               32 Bit    Registers := 5     
	                8 Bit    Registers := 5     
	                4 Bit    Registers := 2     
	                2 Bit    Registers := 2     
	                1 Bit    Registers := 9     
+---Muxes : 
	   3 Input   32 Bit        Muxes := 1     
	   2 Input   32 Bit        Muxes := 3     
	   4 Input   32 Bit        Muxes := 4     
	   2 Input    8 Bit        Muxes := 9     
	   7 Input    3 Bit        Muxes := 2     
	   2 Input    3 Bit        Muxes := 3     
	   2 Input    2 Bit        Muxes := 3     
	   4 Input    1 Bit        Muxes := 1     
	   7 Input    1 Bit        Muxes := 9     
	   2 Input    1 Bit        Muxes := 10    
---------------------------------------------------------------------------------
Finished RTL Component Statistics 
---------------------------------------------------------------------------------
---------------------------------------------------------------------------------
Start Part Resource Summary
---------------------------------------------------------------------------------
Part Resources:
DSPs: 220 (col length:60)
BRAMs: 280 (col length: RAMB18 60 RAMB36 30)
---------------------------------------------------------------------------------
Finished Part Resource Summary
---------------------------------------------------------------------------------
No constraint files found.
---------------------------------------------------------------------------------
Start Cross Boundary and Area Optimization
---------------------------------------------------------------------------------
---------------------------------------------------------------------------------
Finished Cross Boundary and Area Optimization : Time (s): cpu = 00:00:05 ; elapsed = 00:00:06 . Memory (MB): peak = 1110.840 ; gain = 0.000
---------------------------------------------------------------------------------
No constraint files found.
---------------------------------------------------------------------------------
Start Timing Optimization
---------------------------------------------------------------------------------
---------------------------------------------------------------------------------
Finished Timing Optimization : Time (s): cpu = 00:00:05 ; elapsed = 00:00:07 . Memory (MB): peak = 1110.840 ; gain = 0.000
---------------------------------------------------------------------------------
---------------------------------------------------------------------------------
Start Technology Mapping
---------------------------------------------------------------------------------
---------------------------------------------------------------------------------
Finished Technology Mapping : Time (s): cpu = 00:00:05 ; elapsed = 00:00:07 . Memory (MB): peak = 1110.840 ; gain = 0.000
---------------------------------------------------------------------------------
---------------------------------------------------------------------------------
Start IO Insertion
---------------------------------------------------------------------------------
---------------------------------------------------------------------------------
Start Flattening Before IO Insertion
---------------------------------------------------------------------------------
---------------------------------------------------------------------------------
Finished Flattening Before IO Insertion
---------------------------------------------------------------------------------
---------------------------------------------------------------------------------
Start Final Netlist Cleanup
---------------------------------------------------------------------------------
---------------------------------------------------------------------------------
Finished Final Netlist Cleanup
---------------------------------------------------------------------------------
---------------------------------------------------------------------------------
Finished IO Insertion : Time (s): cpu = 00:00:07 ; elapsed = 00:00:08 . Memory (MB): peak = 1110.840 ; gain = 0.000
---------------------------------------------------------------------------------
---------------------------------------------------------------------------------
Start Renaming Generated Instances
---------------------------------------------------------------------------------
---------------------------------------------------------------------------------
Finished Renaming Generated Instances : Time (s): cpu = 00:00:07 ; elapsed = 00:00:08 . Memory (MB): peak = 1110.840 ; gain = 0.000
---------------------------------------------------------------------------------
---------------------------------------------------------------------------------
Start Rebuilding User Hierarchy
---------------------------------------------------------------------------------
---------------------------------------------------------------------------------
Finished Rebuilding User Hierarchy : Time (s): cpu = 00:00:07 ; elapsed = 00:00:08 . Memory (MB): peak = 1110.840 ; gain = 0.000
---------------------------------------------------------------------------------
---------------------------------------------------------------------------------
Start Renaming Generated Ports
---------------------------------------------------------------------------------
---------------------------------------------------------------------------------
Finished Renaming Generated Ports : Time (s): cpu = 00:00:07 ; elapsed = 00:00:08 . Memory (MB): peak = 1110.840 ; gain = 0.000
---------------------------------------------------------------------------------
---------------------------------------------------------------------------------
Start Handling Custom Attributes
---------------------------------------------------------------------------------
---------------------------------------------------------------------------------
Finished Handling Custom Attributes : Time (s): cpu = 00:00:07 ; elapsed = 00:00:08 . Memory (MB): peak = 1110.840 ; gain = 0.000
---------------------------------------------------------------------------------
---------------------------------------------------------------------------------
Start Renaming Generated Nets
---------------------------------------------------------------------------------
---------------------------------------------------------------------------------
Finished Renaming Generated Nets : Time (s): cpu = 00:00:07 ; elapsed = 00:00:08 . Memory (MB): peak = 1110.840 ; gain = 0.000
---------------------------------------------------------------------------------
---------------------------------------------------------------------------------
Start Writing Synthesis Report
---------------------------------------------------------------------------------

Report BlackBoxes: 
+-+--------------+----------+
| |BlackBox name |Instances |
+-+--------------+----------+
+-+--------------+----------+

Report Cell Usage: 
+------+-------+------+
|      |Cell   |Count |
+------+-------+------+
|1     |BUFG   |     1|
|2     |CARRY4 |     6|
|3     |LUT1   |     2|
|4     |LUT2   |    12|
|5     |LUT3   |     9|
|6     |LUT4   |    57|
|7     |LUT5   |    34|
|8     |LUT6   |    11|
|9     |MUXF7  |     1|
|10    |FDCE   |    27|
|11    |FDRE   |   164|
|12    |FDSE   |     1|
|13    |LD     |     8|
|14    |IBUF   |    47|
|15    |OBUF   |    41|
+------+-------+------+

Report Instance Areas: 
+------+--------------------------+-------------------+------+
|      |Instance                  |Module             |Cells |
+------+--------------------------+-------------------+------+
|1     |top                       |                   |   421|
|2     |  gcdip_v1_0_S00_AXI_inst |gcdip_v1_0_S00_AXI |   332|
|3     |    u_gcd_core            |gcdip              |   115|
|4     |      OUT_REG             |regis              |     9|
|5     |      TOFSM               |fsm                |    26|
|6     |      U_COMP              |comparator         |     2|
|7     |      X_REG               |regis_0            |    12|
|8     |      X_SUB               |subtractor         |    28|
|9     |      Y_REG               |regis_1            |    38|
+------+--------------------------+-------------------+------+
---------------------------------------------------------------------------------
Finished Writing Synthesis Report : Time (s): cpu = 00:00:07 ; elapsed = 00:00:08 . Memory (MB): peak = 1110.840 ; gain = 0.000
---------------------------------------------------------------------------------
Synthesis finished with 0 errors, 0 critical warnings and 8 warnings.
Synthesis Optimization Runtime : Time (s): cpu = 00:00:07 ; elapsed = 00:00:08 . Memory (MB): peak = 1110.840 ; gain = 0.000
Synthesis Optimization Complete : Time (s): cpu = 00:00:07 ; elapsed = 00:00:08 . Memory (MB): peak = 1110.840 ; gain = 0.000
INFO: [Project 1-571] Translating synthesized netlist
Netlist sorting complete. Time (s): cpu = 00:00:00 ; elapsed = 00:00:00.005 . Memory (MB): peak = 1110.840 ; gain = 0.000
INFO: [Netlist 29-17] Analyzing 15 Unisim elements for replacement
INFO: [Netlist 29-28] Unisim Transformation completed in 0 CPU seconds
INFO: [Project 1-570] Preparing netlist for logic optimization
INFO: [Opt 31-138] Pushed 0 inverter(s) to 0 load pin(s).
Netlist sorting complete. Time (s): cpu = 00:00:00 ; elapsed = 00:00:00 . Memory (MB): peak = 1130.246 ; gain = 0.000
INFO: [Project 1-111] Unisim Transformation Summary:
  A total of 8 instances were transformed.
  LD => LDCE: 8 instances

INFO: [Common 17-83] Releasing license: Synthesis
43 Infos, 8 Warnings, 0 Critical Warnings and 0 Errors encountered.
synth_design completed successfully
synth_design: Time (s): cpu = 00:00:10 ; elapsed = 00:00:20 . Memory (MB): peak = 1130.246 ; gain = 19.406
INFO: [Common 17-1381] The checkpoint 'D:/EOS/project/ip_repo/edit_gcdip_v1_0.runs/synth_1/gcdip_v1_0.dcp' has been generated.
INFO: [runtcl-4] Executing : report_utilization -file gcdip_v1_0_utilization_synth.rpt -pb gcdip_v1_0_utilization_synth.pb
INFO: [Common 17-206] Exiting Vivado at Thu Jun 12 14:50:02 2025...
